"""The 3-say_my_name module
Function to be tested: say_my_name()
"""
>>> import sys
>>> sys.path.append('/root/alx-higher_level_programming/0x07-python-test_driven_development')

>>> say_my_name = __import__('3-say_my_name').say_my_name

>>> say_my_name("Benson", "Kamau")
My name is Benson Kamau

>>> say_my_name("Walter")
My name is Walter 

>>> say_my_name(2, "Benson")
Traceback (most recent call last):
...
TypeError: first_name must be a string

>>> say_my_name("Benson", 1)
Traceback (most recent call last):
...
TypeError: last_name must be a string

>>> say_my_name()
Traceback (most recent call last):
...
TypeError: say_my_name() missing 1 required positional argument: 'first_name'

>>> say_my_name([2, 8], "White")
Traceback (most recent call last):
...
TypeError: first_name must be a string

>>> say_my_name("")
My name is  
